[2021-11-12T15:00:53-03:00] => {level: info, event: [GET]http://localhost:3334/events, user: null, description:null}
[2021-11-12T15:04:00-03:00] => {level: info, event: [GET]http://localhost:3333/auth/logout, user: null, description:null}
[2021-11-12T15:04:17-03:00] => {level: info, event: [POST]http://localhost:3333/user/verify-hash, user: null, description:null}
[2021-11-12T15:04:36-03:00] => {level: info, event: [POST]http://localhost:3333/auth/login, user: null, description:null}
[2021-11-12T15:04:37-03:00] => {level: info, event: [GET]: http://localhost:3333/auth/get-token, user: null, description:null}
[2021-11-12T15:04:37-03:00] => {level: info, event: [GET]http://localhost:3334/events, user: null, description:null}
[2021-11-12T15:04:37-03:00] => {level: info, event: [GET]http://localhost:3333/user/, user: null, description:null}
[2021-11-12T15:13:23-03:00] => {level: info, event: [GET]http://localhost:3334/events, user: null, description:null}
[2021-11-12T15:13:51-03:00] => {level: info, event: [GET]http://localhost:3334/events, user: null, description:null}
[2021-11-12T15:13:56-03:00] => {level: info, event: [GET]http://localhost:3334/events, user: null, description:null}
[2021-11-12T15:14:08-03:00] => {level: info, event: [GET]http://localhost:3334/events, user: null, description:null}
[2021-11-12T15:14:13-03:00] => {level: info, event: [GET]http://localhost:3334/events, user: null, description:null}
[2021-11-12T15:14:15-03:00] => {level: info, event: [GET]http://localhost:3334/events, user: null, description:null}
[2021-11-12T15:15:15-03:00] => {level: info, event: [GET]http://localhost:3334/events, user: null, description:null}
[2021-11-12T15:15:26-03:00] => {level: info, event: [GET]http://localhost:3334/events, user: null, description:null}
[2021-11-12T15:16:49-03:00] => {level: info, event: [GET]http://localhost:3334/events, user: null, description:null}
[2021-11-12T15:16:51-03:00] => {level: info, event: [GET]http://localhost:3334/events, user: null, description:null}
[2021-11-12T15:17:43-03:00] => {level: info, event: [GET]http://localhost:3334/events, user: null, description:null}
[2021-11-12T15:18:41-03:00] => {level: info, event: [GET]http://localhost:3334/events, user: null, description:null}
[2021-11-12T15:18:49-03:00] => {level: info, event: [GET]http://localhost:3334/events, user: null, description:null}
[2021-11-12T15:18:51-03:00] => {level: info, event: [GET]http://localhost:3334/events, user: null, description:null}
[2021-11-12T15:18:54-03:00] => {level: info, event: [GET]http://localhost:3334/events, user: null, description:null}
[2021-11-12T15:19:21-03:00] => {level: info, event: [GET]http://localhost:3334/events, user: null, description:null}
[2021-11-12T15:19:23-03:00] => {level: info, event: [GET]http://localhost:3334/events, user: null, description:null}
[2021-11-12T15:19:26-03:00] => {level: info, event: [GET]http://localhost:3334/events, user: null, description:null}
[2021-11-12T15:19:32-03:00] => {level: info, event: [GET]http://localhost:3334/events, user: null, description:null}
[2021-11-12T15:30:16-03:00] => {level: info, event: [GET]: http://localhost:3333/auth/get-token, user: null, description:null}
[2021-11-12T15:37:56-03:00] => {level: info, event: [GET]http://localhost:3334/events/my-certificates, user: null, description:null}
[2021-11-12T15:38:58-03:00] => {level: info, event: [GET]http://localhost:3334/events/my-certificates, user: null, description:null}
[2021-11-12T15:39:06-03:00] => {level: info, event: [GET]http://localhost:3334/events/my-certificates, user: null, description:null}
[2021-11-12T15:39:23-03:00] => {level: info, event: [GET]http://localhost:3334/events/my-certificates, user: null, description:null}
[2021-11-12T15:39:23-03:00] => {level: error, event: [GET]http://localhost:3334/events/my-certificates, user: null, description:TypeError [ERR_HTTP_INVALID_HEADER_VALUE]: Invalid value "undefined" for header "Authorization"}
[2021-11-12T15:43:44-03:00] => {level: info, event: [GET]http://localhost:3334/events/my-events, user: null, description:null}
[2021-11-12T15:43:47-03:00] => {level: info, event: [GET]http://localhost:3334/events/my-events, user: null, description:null}
[2021-11-12T15:43:56-03:00] => {level: info, event: [GET]http://localhost:3333/user/, user: null, description:null}
[2021-11-12T15:43:57-03:00] => {level: info, event: [GET]http://localhost:3333/user/, user: null, description:null}
[2021-11-12T15:45:25-03:00] => {level: info, event: [GET]http://localhost:3334/events/my-events, user: null, description:null}
[2021-11-12T15:45:25-03:00] => {level: error, event: [GET]http://localhost:3334/events/my-events, user: null, description:Error: connect ECONNREFUSED 127.0.0.1:3334}
[2021-11-12T15:45:47-03:00] => {level: info, event: [GET]http://localhost:3334/events/my-events, user: null, description:null}
[2021-11-12T15:45:48-03:00] => {level: info, event: [GET]http://localhost:3333/auth/logout, user: null, description:null}
[2021-11-12T15:45:54-03:00] => {level: info, event: [POST]http://localhost:3333/user/verify-hash, user: null, description:null}
[2021-11-12T15:45:57-03:00] => {level: info, event: [POST]http://localhost:3333/auth/login, user: null, description:null}
[2021-11-12T15:45:58-03:00] => {level: info, event: [GET]: http://localhost:3333/auth/get-token, user: null, description:null}
[2021-11-12T15:45:58-03:00] => {level: info, event: [GET]http://localhost:3334/events, user: null, description:null}
[2021-11-12T15:45:58-03:00] => {level: info, event: [GET]http://localhost:3333/user/, user: null, description:null}
[2021-11-12T15:46:00-03:00] => {level: info, event: [GET]http://localhost:3334/events/my-events, user: null, description:null}
[2021-11-12T15:46:27-03:00] => {level: info, event: [GET]http://localhost:3334/events/my-events, user: null, description:null}
[2021-11-12T15:52:47-03:00] => {level: info, event: [POST]http://localhost:3333/user/verify-hash, user: null, description:null}
[2021-11-12T15:52:51-03:00] => {level: info, event: [POST]http://localhost:3333/auth/login, user: null, description:null}
[2021-11-12T15:52:52-03:00] => {level: info, event: [GET]http://localhost:3334/events, user: null, description:null}
[2021-11-12T15:52:54-03:00] => {level: info, event: [GET]http://localhost:3334/events/my-events, user: null, description:null}
[2021-11-12T15:54:58-03:00] => {level: info, event: [GET]http://localhost:3334/events/my-events, user: null, description:null}
[2021-11-12T15:55:00-03:00] => {level: info, event: [GET]http://localhost:3333/user/, user: null, description:null}
[2021-11-12T15:56:18-03:00] => {level: info, event: [GET]http://localhost:3334/events/my-certificates, user: null, description:null}
[2021-11-12T15:57:09-03:00] => {level: info, event: [GET]http://localhost:3334/events/my-certificates, user: null, description:null}
[2021-11-12T15:57:47-03:00] => {level: info, event: [GET]http://localhost:3334/events/my-certificates, user: null, description:null}
[2021-11-12T15:58:42-03:00] => {level: info, event: [GET]http://localhost:3334/events/my-certificates, user: null, description:null}
[2021-11-12T16:01:14-03:00] => {level: info, event: [GET]http://localhost:3334/events, user: null, description:null}
[2021-11-12T16:01:16-03:00] => {level: info, event: [GET]http://localhost:3333/user/, user: null, description:null}
[2021-11-12T16:01:16-03:00] => {level: info, event: [GET]http://localhost:3334/events/tribute-to-queen, user: null, description:null}
[2021-11-12T16:01:16-03:00] => {level: info, event: [GET]http://localhost:3336/registration/tribute-to-queen/verify-registered, user: null, description:null}
[2021-11-12T16:01:16-03:00] => {level: error, event: [GET]http://localhost:3336/registration/tribute-to-queen/verify-registered, user: null, description:Error: connect ECONNREFUSED 127.0.0.1:3336}
[2021-11-12T16:01:23-03:00] => {level: info, event: [GET]http://localhost:3336/registration/tribute-to-queen/verify-registered, user: null, description:null}
[2021-11-12T16:01:23-03:00] => {level: error, event: [GET]http://localhost:3336/registration/tribute-to-queen/verify-registered, user: null, description:TypeError [ERR_HTTP_INVALID_HEADER_VALUE]: Invalid value "undefined" for header "Authorization"}
[2021-11-12T16:01:43-03:00] => {level: info, event: [GET]http://localhost:3333/user/, user: null, description:null}
[2021-11-12T16:01:43-03:00] => {level: info, event: [GET]http://localhost:3334/events/tribute-to-queen, user: null, description:null}
[2021-11-12T16:01:43-03:00] => {level: info, event: [GET]http://localhost:3336/registration/tribute-to-queen/verify-registered, user: null, description:null}
[2021-11-12T16:01:47-03:00] => {level: info, event: [GET]http://localhost:3336/registration/tribute-to-queen, user: null, description:null}
[2021-11-12T16:01:47-03:00] => {level: info, event: [GET]http://localhost:3338/mailer/confirm-register/tribute-to-queen, user: null, description:null}
[2021-11-12T16:01:47-03:00] => {level: error, event: [GET]http://localhost:3338/mailer/confirm-register/tribute-to-queen, user: null, description:Error: connect ECONNREFUSED 127.0.0.1:3338}
[2021-11-12T16:01:54-03:00] => {level: info, event: [GET]http://localhost:3333/user/, user: null, description:null}
[2021-11-12T16:01:54-03:00] => {level: info, event: [GET]http://localhost:3334/events/tribute-to-queen, user: null, description:null}
[2021-11-12T16:01:54-03:00] => {level: info, event: [GET]http://localhost:3336/registration/tribute-to-queen/verify-registered, user: null, description:null}
[2021-11-12T16:01:58-03:00] => {level: info, event: [GET]http://localhost:3334/events, user: null, description:null}
[2021-11-12T16:02:01-03:00] => {level: info, event: [GET]http://localhost:3334/events/my-events, user: null, description:null}
[2021-11-12T16:02:33-03:00] => {level: info, event: [GET]http://localhost:3334/events/my-events, user: null, description:null}
[2021-11-12T16:02:43-03:00] => {level: info, event: [GET]http://localhost:3334/events/my-certificates, user: null, description:null}
[2021-11-12T16:02:44-03:00] => {level: info, event: [GET]http://localhost:3334/events, user: null, description:null}
[2021-11-12T16:02:49-03:00] => {level: info, event: [GET]http://localhost:3334/events/my-events, user: null, description:null}
[2021-11-12T16:04:23-03:00] => {level: info, event: [GET]http://localhost:3334/events/my-events, user: null, description:null}
[2021-11-12T16:04:48-03:00] => {level: info, event: [GET]http://localhost:3334/events/my-events, user: null, description:null}
[2021-11-12T16:10:32-03:00] => {level: info, event: [GET]http://localhost:3334/events/my-events, user: null, description:null}
[2021-11-12T16:10:34-03:00] => {level: info, event: [GET]http://localhost:3334/events/my-events, user: null, description:null}
[2021-11-12T16:11:21-03:00] => {level: info, event: [GET]http://localhost:3334/events/my-events, user: null, description:null}
[2021-11-12T16:11:21-03:00] => {level: info, event: [GET]http://localhost:3334/events/my-events, user: null, description:null}
[2021-11-12T16:11:30-03:00] => {level: info, event: [GET]http://localhost:3334/events/my-events, user: null, description:null}
[2021-11-12T16:11:42-03:00] => {level: info, event: [GET]http://localhost:3334/events/my-events, user: null, description:null}
[2021-11-12T16:12:10-03:00] => {level: info, event: [GET]http://localhost:3334/events/my-events, user: null, description:null}
[2021-11-12T16:12:11-03:00] => {level: info, event: [GET]http://localhost:3334/events/my-events, user: null, description:null}
[2021-11-12T16:12:46-03:00] => {level: info, event: [GET]http://localhost:3334/events/my-events, user: null, description:null}
[2021-11-12T16:13:00-03:00] => {level: info, event: [GET]http://localhost:3334/events/my-events, user: null, description:null}
[2021-11-12T16:13:17-03:00] => {level: info, event: [GET]http://localhost:3334/events/my-events, user: null, description:null}
[2021-11-12T16:13:36-03:00] => {level: info, event: [GET]http://localhost:3334/events/my-events, user: null, description:null}
[2021-11-12T16:13:38-03:00] => {level: info, event: [GET]http://localhost:3334/events/my-events, user: null, description:null}
[2021-11-12T16:13:48-03:00] => {level: info, event: [GET]http://localhost:3334/events/my-events, user: null, description:null}
[2021-11-12T16:13:57-03:00] => {level: info, event: [GET]http://localhost:3334/events/my-events, user: null, description:null}
[2021-11-12T16:25:51-03:00] => {level: info, event: [GET]http://localhost:3334/events/my-certificates, user: null, description:null}
[2021-11-12T16:25:58-03:00] => {level: info, event: [GET]http://localhost:3334/events, user: null, description:null}
[2021-11-12T16:25:59-03:00] => {level: info, event: [GET]http://localhost:3333/user/, user: null, description:null}
[2021-11-12T16:25:59-03:00] => {level: info, event: [GET]http://localhost:3334/events/tribute-to-queen, user: null, description:null}
[2021-11-12T16:25:59-03:00] => {level: info, event: [GET]http://localhost:3336/registration/tribute-to-queen/verify-registered, user: null, description:null}
[2021-11-12T16:26:37-03:00] => {level: info, event: [GET]: http://localhost:3333/auth/get-token, user: null, description:null}
[2021-11-12T16:26:37-03:00] => {level: info, event: [GET]http://localhost:3334/events/tribute-to-queen, user: null, description:null}
[2021-11-12T16:26:37-03:00] => {level: info, event: [GET]http://localhost:3333/user/, user: null, description:null}
[2021-11-12T16:27:48-03:00] => {level: info, event: [POST]http://localhost:3333/user/verify-user, user: null, description:null}
[2021-11-12T16:27:48-03:00] => {level: info, event: [POST]http://localhost:3336/registration/tribute-to-queen, user: null, description:null}
[2021-11-12T16:27:48-03:00] => {level: info, event: [POST]http://localhost:3338/mailer/confirm-entry/tribute-to-queen, user: null, description:null}
[2021-11-12T16:27:48-03:00] => {level: error, event: [POST]http://localhost:3338/mailer/confirm-entry/tribute-to-queen, user: null, description:Error: connect ECONNREFUSED 127.0.0.1:3338}
[2021-11-12T16:27:55-03:00] => {level: info, event: [GET]http://localhost:3334/events, user: null, description:null}
[2021-11-12T16:27:56-03:00] => {level: info, event: [GET]http://localhost:3334/events/my-certificates, user: null, description:null}
[2021-11-12T16:28:03-03:00] => {level: info, event: [GET]http://localhost:3334/events/my-certificates, user: null, description:null}
[2021-11-12T16:28:37-03:00] => {level: info, event: [GET]http://localhost:3334/events/my-certificates, user: null, description:null}
[2021-11-12T16:28:37-03:00] => {level: info, event: [GET]http://localhost:3334/events/my-certificates, user: null, description:null}
[2021-11-12T16:29:00-03:00] => {level: info, event: [GET]http://localhost:3334/events/my-certificates, user: null, description:null}
[2021-11-12T16:29:16-03:00] => {level: info, event: [GET]http://localhost:3334/events/my-events, user: null, description:null}
[2021-11-12T16:29:19-03:00] => {level: info, event: [GET]http://localhost:3334/events/my-certificates, user: null, description:null}
[2021-11-12T16:30:14-03:00] => {level: info, event: [GET]http://localhost:3334/events/my-certificates, user: null, description:null}
[2021-11-12T16:30:32-03:00] => {level: info, event: [GET]http://localhost:3334/events/my-certificates, user: null, description:null}
[2021-11-12T16:30:44-03:00] => {level: info, event: [GET]http://localhost:3334/events/my-certificates, user: null, description:null}
[2021-11-16T15:07:18-03:00] => {level: info, event: [POST]http://localhost:3333/user/verify-hash, user: null, description:null}
[2021-11-16T15:07:21-03:00] => {level: info, event: [POST]http://localhost:3333/auth/login, user: null, description:null}
[2021-11-16T15:07:22-03:00] => {level: info, event: [GET]http://localhost:3334/events, user: null, description:null}
[2021-11-16T15:08:13-03:00] => {level: info, event: [GET]http://localhost:3333/user/, user: null, description:null}
[2021-11-16T15:08:13-03:00] => {level: info, event: [GET]http://localhost:3334/events/undefined, user: null, description:null}
[2021-11-16T15:08:13-03:00] => {level: info, event: [GET]http://localhost:3336/registration/undefined/verify-registered, user: null, description:null}
[2021-11-16T15:08:13-03:00] => {level: error, event: [GET]http://localhost:3336/registration/undefined/verify-registered, user: null, description:Error: connect ECONNREFUSED 127.0.0.1:3336}
[2021-11-16T15:09:22-03:00] => {level: info, event: [GET]http://localhost:3333/user/, user: null, description:null}
[2021-11-16T15:09:22-03:00] => {level: info, event: [GET]http://localhost:3334/events/undefined, user: null, description:null}
[2021-11-16T15:09:22-03:00] => {level: info, event: [GET]http://localhost:3336/registration/undefined/verify-registered, user: null, description:null}
[2021-11-16T15:09:22-03:00] => {level: error, event: [GET]http://localhost:3336/registration/undefined/verify-registered, user: null, description:Error: connect ECONNREFUSED 127.0.0.1:3336}
[2021-11-16T15:10:41-03:00] => {level: info, event: [GET]http://localhost:3333/user/, user: null, description:null}
[2021-11-16T15:10:41-03:00] => {level: info, event: [GET]http://localhost:3334/events/undefined, user: null, description:null}
[2021-11-16T15:10:43-03:00] => {level: info, event: [GET]http://localhost:3333/user/, user: null, description:null}
[2021-11-16T15:10:43-03:00] => {level: info, event: [GET]http://localhost:3334/events/undefined, user: null, description:null}
[2021-11-16T15:10:49-03:00] => {level: info, event: [GET]http://localhost:3333/user/, user: null, description:null}
[2021-11-16T15:10:49-03:00] => {level: info, event: [GET]http://localhost:3334/events/undefined, user: null, description:null}
[2021-11-16T15:10:55-03:00] => {level: info, event: [GET]http://localhost:3333/user/, user: null, description:null}
[2021-11-16T15:10:55-03:00] => {level: info, event: [GET]http://localhost:3334/events/undefined, user: null, description:null}
[2021-11-16T15:10:59-03:00] => {level: info, event: [GET]http://localhost:3333/user/, user: null, description:null}
[2021-11-16T15:10:59-03:00] => {level: info, event: [GET]http://localhost:3334/events/undefined, user: null, description:null}
[2021-11-16T15:11:00-03:00] => {level: info, event: [GET]http://localhost:3333/user/, user: null, description:null}
[2021-11-16T15:11:00-03:00] => {level: info, event: [GET]http://localhost:3334/events/undefined, user: null, description:null}
[2021-11-16T15:11:55-03:00] => {level: info, event: [GET]http://localhost:3333/user/, user: null, description:null}
[2021-11-16T15:11:55-03:00] => {level: info, event: [GET]http://localhost:3334/events/tribute-to-queen, user: null, description:null}
[2021-11-16T15:12:16-03:00] => {level: info, event: [GET]http://localhost:3333/user/, user: null, description:null}
[2021-11-16T15:12:16-03:00] => {level: info, event: [GET]http://localhost:3334/events/tribute-to-queen, user: null, description:null}
[2021-11-16T15:12:20-03:00] => {level: info, event: [GET]http://localhost:3333/user/, user: null, description:null}
[2021-11-16T15:12:20-03:00] => {level: info, event: [GET]http://localhost:3334/events/tribute-to-queen, user: null, description:null}
[2021-11-16T15:12:20-03:00] => {level: info, event: [GET]http://localhost:3336/registration/tribute-to-queen/verify-registered, user: null, description:null}
[2021-11-16T15:12:20-03:00] => {level: error, event: [GET]http://localhost:3336/registration/tribute-to-queen/verify-registered, user: null, description:Error: connect ECONNREFUSED 127.0.0.1:3336}
[2021-11-16T15:12:39-03:00] => {level: info, event: [GET]http://localhost:3333/user/, user: null, description:null}
[2021-11-16T15:12:39-03:00] => {level: info, event: [GET]http://localhost:3334/events/tribute-to-queen, user: null, description:null}
[2021-11-16T15:12:39-03:00] => {level: info, event: [GET]http://localhost:3336/registration/tribute-to-queen/verify-registered, user: null, description:null}
[2021-11-16T15:12:55-03:00] => {level: info, event: [GET]http://localhost:3333/user/, user: null, description:null}
[2021-11-16T15:12:55-03:00] => {level: info, event: [GET]http://localhost:3334/events/tribute-to-queen, user: null, description:null}
[2021-11-16T15:12:55-03:00] => {level: info, event: [GET]http://localhost:3336/registration/tribute-to-queen/verify-registered, user: null, description:null}
[2021-11-16T15:13:02-03:00] => {level: info, event: [GET]http://localhost:3333/user/, user: null, description:null}
[2021-11-16T15:13:03-03:00] => {level: info, event: [GET]http://localhost:3334/events/tribute-to-queen, user: null, description:null}
[2021-11-16T15:13:03-03:00] => {level: info, event: [GET]http://localhost:3336/registration/tribute-to-queen/verify-registered, user: null, description:null}
[2021-11-16T15:13:31-03:00] => {level: info, event: [GET]http://localhost:3333/user/, user: null, description:null}
[2021-11-16T15:13:31-03:00] => {level: info, event: [GET]http://localhost:3334/events/tribute-to-queen, user: null, description:null}
[2021-11-16T15:13:31-03:00] => {level: info, event: [GET]http://localhost:3336/registration/tribute-to-queen/verify-registered, user: null, description:null}
[2021-11-16T15:13:32-03:00] => {level: info, event: [GET]http://localhost:3333/user/, user: null, description:null}
[2021-11-16T15:13:33-03:00] => {level: info, event: [GET]http://localhost:3334/events/tribute-to-queen, user: null, description:null}
[2021-11-16T15:13:33-03:00] => {level: info, event: [GET]http://localhost:3336/registration/tribute-to-queen/verify-registered, user: null, description:null}
[2021-11-16T15:19:54-03:00] => {level: info, event: [POST]http://localhost:3333/user/verify-hash, user: null, description:null}
[2021-11-16T15:19:57-03:00] => {level: info, event: [POST]http://localhost:3333/auth/login, user: null, description:null}
[2021-11-16T15:19:58-03:00] => {level: info, event: [GET]http://localhost:3334/events, user: null, description:null}
[2021-11-16T15:20:02-03:00] => {level: info, event: [GET]http://localhost:3333/user/, user: null, description:null}
[2021-11-16T15:20:02-03:00] => {level: info, event: [GET]http://localhost:3334/events/tribute-to-queen, user: null, description:null}
[2021-11-16T15:20:02-03:00] => {level: info, event: [GET]http://localhost:3336/registration/tribute-to-queen/verify-registered, user: null, description:null}
[2021-11-16T15:20:36-03:00] => {level: info, event: [GET]http://localhost:3333/user/, user: null, description:null}
[2021-11-16T15:20:36-03:00] => {level: info, event: [GET]http://localhost:3334/events/tribute-to-queen, user: null, description:null}
[2021-11-16T15:20:36-03:00] => {level: info, event: [GET]http://localhost:3333/user/, user: null, description:null}
[2021-11-16T15:20:36-03:00] => {level: info, event: [GET]http://localhost:3336/registration/tribute-to-queen/verify-registered, user: null, description:null}
[2021-11-16T15:20:36-03:00] => {level: info, event: [GET]http://localhost:3334/events/tribute-to-queen, user: null, description:null}
[2021-11-16T15:20:36-03:00] => {level: info, event: [GET]http://localhost:3336/registration/tribute-to-queen/verify-registered, user: null, description:null}
[2021-11-16T15:22:51-03:00] => {level: info, event: [GET]http://localhost:3333/user/, user: null, description:null}
[2021-11-16T15:22:51-03:00] => {level: info, event: [GET]http://localhost:3333/user/, user: null, description:null}
[2021-11-16T15:22:51-03:00] => {level: info, event: [GET]http://localhost:3334/events/tribute-to-queen, user: null, description:null}
[2021-11-16T15:22:51-03:00] => {level: info, event: [GET]http://localhost:3334/events/tribute-to-queen, user: null, description:null}
[2021-11-16T15:22:51-03:00] => {level: info, event: [GET]http://localhost:3336/registration/tribute-to-queen/verify-registered, user: null, description:null}
[2021-11-16T15:22:51-03:00] => {level: info, event: [GET]http://localhost:3336/registration/tribute-to-queen/verify-registered, user: null, description:null}
[2021-11-16T15:22:58-03:00] => {level: info, event: [GET]http://localhost:3333/user/, user: null, description:null}
[2021-11-16T15:22:58-03:00] => {level: info, event: [GET]http://localhost:3333/user/, user: null, description:null}
[2021-11-16T15:22:58-03:00] => {level: info, event: [GET]http://localhost:3334/events/tribute-to-queen, user: null, description:null}
[2021-11-16T15:22:58-03:00] => {level: info, event: [GET]http://localhost:3334/events/tribute-to-queen, user: null, description:null}
[2021-11-16T15:22:58-03:00] => {level: info, event: [GET]http://localhost:3336/registration/tribute-to-queen/verify-registered, user: null, description:null}
[2021-11-16T15:22:58-03:00] => {level: info, event: [GET]http://localhost:3336/registration/tribute-to-queen/verify-registered, user: null, description:null}
[2021-11-16T15:23:20-03:00] => {level: info, event: [GET]http://localhost:3333/user/, user: null, description:null}
[2021-11-16T15:23:20-03:00] => {level: info, event: [GET]http://localhost:3333/user/, user: null, description:null}
[2021-11-16T15:23:20-03:00] => {level: info, event: [GET]http://localhost:3334/events/tribute-to-queen, user: null, description:null}
[2021-11-16T15:23:20-03:00] => {level: info, event: [GET]http://localhost:3334/events/tribute-to-queen, user: null, description:null}
[2021-11-16T15:23:20-03:00] => {level: info, event: [GET]http://localhost:3336/registration/tribute-to-queen/verify-registered, user: null, description:null}
[2021-11-16T15:23:20-03:00] => {level: info, event: [GET]http://localhost:3336/registration/tribute-to-queen/verify-registered, user: null, description:null}
[2021-11-16T15:24:04-03:00] => {level: info, event: [GET]http://localhost:3333/user/, user: null, description:null}
[2021-11-16T15:24:04-03:00] => {level: info, event: [GET]http://localhost:3334/events/tribute-to-queen, user: null, description:null}
[2021-11-16T15:24:04-03:00] => {level: info, event: [GET]http://localhost:3336/registration/tribute-to-queen/verify-registered, user: null, description:null}
[2021-11-16T15:24:40-03:00] => {level: info, event: [GET]http://localhost:3333/user/, user: null, description:null}
[2021-11-16T15:24:40-03:00] => {level: info, event: [GET]http://localhost:3334/events/tribute-to-queen, user: null, description:null}
[2021-11-16T15:24:40-03:00] => {level: info, event: [GET]http://localhost:3336/registration/tribute-to-queen/verify-registered, user: null, description:null}
[2021-11-16T15:25:26-03:00] => {level: info, event: [GET]http://localhost:3333/user/, user: null, description:null}
[2021-11-16T15:25:27-03:00] => {level: info, event: [GET]http://localhost:3334/events/tribute-to-queen, user: null, description:null}
[2021-11-16T15:25:27-03:00] => {level: info, event: [GET]http://localhost:3336/registration/tribute-to-queen/verify-registered, user: null, description:null}
[2021-11-16T15:25:27-03:00] => {level: info, event: [GET]http://localhost:3333/user/, user: null, description:null}
[2021-11-16T15:25:27-03:00] => {level: info, event: [GET]http://localhost:3334/events/tribute-to-queen, user: null, description:null}
[2021-11-16T15:25:27-03:00] => {level: info, event: [GET]http://localhost:3336/registration/tribute-to-queen/verify-registered, user: null, description:null}
[2021-11-16T15:27:22-03:00] => {level: info, event: [GET]http://localhost:3333/user/, user: null, description:null}
[2021-11-16T15:27:22-03:00] => {level: info, event: [GET]http://localhost:3334/events/tribute-to-queen, user: null, description:null}
[2021-11-16T15:27:22-03:00] => {level: info, event: [GET]http://localhost:3336/registration/tribute-to-queen/verify-registered, user: null, description:null}
[2021-11-16T15:27:22-03:00] => {level: info, event: [GET]http://localhost:3333/user/, user: null, description:null}
[2021-11-16T15:27:22-03:00] => {level: info, event: [GET]http://localhost:3334/events/tribute-to-queen, user: null, description:null}
[2021-11-16T15:27:22-03:00] => {level: info, event: [GET]http://localhost:3336/registration/tribute-to-queen/verify-registered, user: null, description:null}
[2021-11-16T15:27:40-03:00] => {level: info, event: [GET]http://localhost:3333/user/, user: null, description:null}
[2021-11-16T15:27:40-03:00] => {level: info, event: [GET]http://localhost:3333/user/, user: null, description:null}
[2021-11-16T15:27:40-03:00] => {level: info, event: [GET]http://localhost:3334/events/tribute-to-queen, user: null, description:null}
[2021-11-16T15:27:40-03:00] => {level: info, event: [GET]http://localhost:3336/registration/tribute-to-queen/verify-registered, user: null, description:null}
[2021-11-16T15:27:40-03:00] => {level: info, event: [GET]http://localhost:3334/events/tribute-to-queen, user: null, description:null}
[2021-11-16T15:27:40-03:00] => {level: info, event: [GET]http://localhost:3336/registration/tribute-to-queen/verify-registered, user: null, description:null}
[2021-11-16T15:33:28-03:00] => {level: info, event: [GET]http://localhost:3333/user/, user: null, description:null}
[2021-11-16T15:33:28-03:00] => {level: info, event: [GET]http://localhost:3334/events/tribute-to-kiss, user: null, description:null}
[2021-11-16T15:33:28-03:00] => {level: info, event: [GET]http://localhost:3336/registration/tribute-to-kiss/verify-registered, user: null, description:null}
[2021-11-16T15:34:21-03:00] => {level: info, event: [GET]http://localhost:3334/events/tribute-to-kiss, user: null, description:null}
[2021-11-16T15:34:25-03:00] => {level: info, event: [POST]http://localhost:3333/user/verify-user, user: null, description:null}
[2021-11-16T15:34:25-03:00] => {level: info, event: [POST]http://localhost:3336/registration/tribute-to-kiss, user: null, description:null}
[2021-11-16T15:34:25-03:00] => {level: info, event: [POST]http://localhost:3338/mailer/confirm-entry/tribute-to-kiss, user: null, description:null}
[2021-11-16T15:34:25-03:00] => {level: error, event: [POST]http://localhost:3338/mailer/confirm-entry/tribute-to-kiss, user: null, description:Error: connect ECONNREFUSED 127.0.0.1:3338}
[2021-11-16T15:34:36-03:00] => {level: info, event: [GET]: http://localhost:3333/auth/get-token, user: null, description:null}
[2021-11-16T15:34:45-03:00] => {level: info, event: [GET]http://localhost:3333/user/, user: null, description:null}
[2021-11-16T15:34:45-03:00] => {level: info, event: [GET]http://localhost:3334/events/tribute-to-kiss, user: null, description:null}
[2021-11-16T15:34:45-03:00] => {level: info, event: [GET]http://localhost:3336/registration/tribute-to-kiss/verify-registered, user: null, description:null}
[2021-11-16T15:37:20-03:00] => {level: info, event: [GET]http://localhost:3333/user/, user: null, description:null}
[2021-11-16T15:37:20-03:00] => {level: info, event: [GET]http://localhost:3334/events/tribute-to-kiss, user: null, description:null}
[2021-11-16T15:37:20-03:00] => {level: info, event: [GET]http://localhost:3336/registration/tribute-to-kiss/verify-registered, user: null, description:null}
[2021-11-16T15:42:31-03:00] => {level: info, event: [POST]http://localhost:3333/user/verify-hash, user: null, description:null}
[2021-11-16T15:42:34-03:00] => {level: info, event: [POST]http://localhost:3333/auth/login, user: null, description:null}
[2021-11-16T15:42:34-03:00] => {level: info, event: [GET]http://localhost:3334/events, user: null, description:null}
[2021-11-16T15:42:48-03:00] => {level: info, event: [GET]http://localhost:3333/user/, user: null, description:null}
[2021-11-16T15:42:48-03:00] => {level: info, event: [GET]http://localhost:3334/events/tribute-to-kiss, user: null, description:null}
[2021-11-16T15:42:48-03:00] => {level: info, event: [GET]http://localhost:3336/registration/tribute-to-kiss/verify-registered, user: null, description:null}
[2021-11-16T15:42:48-03:00] => {level: error, event: [GET]http://localhost:3336/registration/tribute-to-kiss/verify-registered, user: null, description:Error: connect ECONNREFUSED 127.0.0.1:3336}
[2021-11-16T15:45:49-03:00] => {level: info, event: [GET]http://localhost:3333/user/, user: null, description:null}
[2021-11-16T15:45:49-03:00] => {level: info, event: [GET]http://localhost:3334/events/tribute-to-kiss, user: null, description:null}
[2021-11-16T15:45:49-03:00] => {level: info, event: [GET]http://localhost:3336/registration/tribute-to-kiss/verify-registered, user: null, description:null}
[2021-11-16T15:47:19-03:00] => {level: info, event: [GET]http://localhost:3333/user/, user: null, description:null}
[2021-11-16T15:47:19-03:00] => {level: info, event: [GET]http://localhost:3334/events/tribute-to-kiss, user: null, description:null}
[2021-11-16T15:47:19-03:00] => {level: info, event: [GET]http://localhost:3336/registration/tribute-to-kiss/verify-registered, user: null, description:null}
[2021-11-16T15:48:09-03:00] => {level: info, event: [GET]http://localhost:3333/user/, user: null, description:null}
[2021-11-16T15:48:09-03:00] => {level: info, event: [GET]http://localhost:3334/events/tribute-to-kiss, user: null, description:null}
[2021-11-16T15:48:09-03:00] => {level: info, event: [GET]http://localhost:3336/registration/tribute-to-kiss/verify-registered, user: null, description:null}
[2021-11-16T15:51:26-03:00] => {level: info, event: [GET]http://localhost:3333/user/, user: null, description:null}
[2021-11-16T15:51:26-03:00] => {level: info, event: [GET]http://localhost:3334/events/tribute-to-kiss, user: null, description:null}
[2021-11-16T15:51:26-03:00] => {level: info, event: [GET]http://localhost:3336/registration/tribute-to-kiss/verify-registered, user: null, description:null}
[2021-11-16T15:53:11-03:00] => {level: info, event: [GET]http://localhost:3333/user/, user: null, description:null}
[2021-11-16T15:53:11-03:00] => {level: info, event: [GET]http://localhost:3334/events/tribute-to-kiss, user: null, description:null}
[2021-11-16T15:53:11-03:00] => {level: info, event: [GET]http://localhost:3336/registration/tribute-to-kiss/verify-registered, user: null, description:null}
[2021-11-16T15:53:54-03:00] => {level: info, event: [GET]http://localhost:3333/user/, user: null, description:null}
[2021-11-16T15:53:54-03:00] => {level: info, event: [GET]http://localhost:3334/events/tribute-to-queen, user: null, description:null}
[2021-11-16T15:53:54-03:00] => {level: info, event: [GET]http://localhost:3336/registration/tribute-to-queen/verify-registered, user: null, description:null}
[2021-11-16T15:56:27-03:00] => {level: info, event: [GET]http://localhost:3333/user/, user: null, description:null}
[2021-11-16T15:56:27-03:00] => {level: info, event: [GET]http://localhost:3333/user/, user: null, description:null}
[2021-11-16T15:56:27-03:00] => {level: info, event: [GET]http://localhost:3334/events/tribute-to-kiss, user: null, description:null}
[2021-11-16T15:56:27-03:00] => {level: info, event: [GET]http://localhost:3334/events/tribute-to-queen, user: null, description:null}
[2021-11-16T15:56:27-03:00] => {level: info, event: [GET]http://localhost:3336/registration/tribute-to-kiss/verify-registered, user: null, description:null}
[2021-11-16T15:56:27-03:00] => {level: info, event: [GET]http://localhost:3336/registration/tribute-to-queen/verify-registered, user: null, description:null}
[2021-11-16T15:57:53-03:00] => {level: info, event: [GET]http://localhost:3333/user/, user: null, description:null}
[2021-11-16T15:57:53-03:00] => {level: info, event: [GET]http://localhost:3333/user/, user: null, description:null}
[2021-11-16T15:57:53-03:00] => {level: info, event: [GET]http://localhost:3334/events/tribute-to-kiss, user: null, description:null}
[2021-11-16T15:57:53-03:00] => {level: info, event: [GET]http://localhost:3336/registration/tribute-to-kiss/verify-registered, user: null, description:null}
[2021-11-16T15:57:53-03:00] => {level: info, event: [GET]http://localhost:3334/events/tribute-to-queen, user: null, description:null}
[2021-11-16T15:57:53-03:00] => {level: info, event: [GET]http://localhost:3336/registration/tribute-to-queen/verify-registered, user: null, description:null}
[2021-11-16T15:57:57-03:00] => {level: info, event: [GET]http://localhost:3333/user/, user: null, description:null}
[2021-11-16T15:57:57-03:00] => {level: info, event: [GET]http://localhost:3333/user/, user: null, description:null}
[2021-11-16T15:57:57-03:00] => {level: info, event: [GET]http://localhost:3334/events/tribute-to-kiss, user: null, description:null}
[2021-11-16T15:57:57-03:00] => {level: info, event: [GET]http://localhost:3334/events/tribute-to-queen, user: null, description:null}
[2021-11-16T15:57:57-03:00] => {level: info, event: [GET]http://localhost:3336/registration/tribute-to-kiss/verify-registered, user: null, description:null}
[2021-11-16T15:57:57-03:00] => {level: info, event: [GET]http://localhost:3336/registration/tribute-to-queen/verify-registered, user: null, description:null}
[2021-11-16T15:57:59-03:00] => {level: info, event: [GET]http://localhost:3333/user/, user: null, description:null}
[2021-11-16T15:57:59-03:00] => {level: info, event: [GET]http://localhost:3333/user/, user: null, description:null}
[2021-11-16T15:57:59-03:00] => {level: info, event: [GET]http://localhost:3334/events/tribute-to-kiss, user: null, description:null}
[2021-11-16T15:57:59-03:00] => {level: info, event: [GET]http://localhost:3334/events/tribute-to-queen, user: null, description:null}
[2021-11-16T15:57:59-03:00] => {level: info, event: [GET]http://localhost:3336/registration/tribute-to-kiss/verify-registered, user: null, description:null}
[2021-11-16T15:57:59-03:00] => {level: info, event: [GET]http://localhost:3336/registration/tribute-to-queen/verify-registered, user: null, description:null}
[2021-11-16T15:58:01-03:00] => {level: info, event: [GET]http://localhost:3333/user/, user: null, description:null}
[2021-11-16T15:58:01-03:00] => {level: info, event: [GET]http://localhost:3333/user/, user: null, description:null}
[2021-11-16T15:58:01-03:00] => {level: info, event: [GET]http://localhost:3334/events/tribute-to-kiss, user: null, description:null}
[2021-11-16T15:58:01-03:00] => {level: info, event: [GET]http://localhost:3334/events/tribute-to-queen, user: null, description:null}
[2021-11-16T15:58:01-03:00] => {level: info, event: [GET]http://localhost:3336/registration/tribute-to-kiss/verify-registered, user: null, description:null}
[2021-11-16T15:58:01-03:00] => {level: info, event: [GET]http://localhost:3336/registration/tribute-to-queen/verify-registered, user: null, description:null}
[2021-11-16T15:59:41-03:00] => {level: info, event: [GET]http://localhost:3333/user/, user: null, description:null}
[2021-11-16T15:59:41-03:00] => {level: info, event: [GET]http://localhost:3334/events/sdsd, user: null, description:null}
[2021-11-16T15:59:41-03:00] => {level: info, event: [GET]http://localhost:3336/registration/sdsd/verify-registered, user: null, description:null}
[2021-11-16T15:59:41-03:00] => {level: error, event: [GET]http://localhost:3336/registration/sdsd/verify-registered, user: null, description:Error: Request failed with status code 500}
[2021-11-16T16:06:23-03:00] => {level: info, event: [GET]http://localhost:3334/events, user: null, description:null}
[2021-11-16T16:06:25-03:00] => {level: info, event: [GET]http://localhost:3334/events/my-certificates, user: null, description:null}
[2021-11-16T16:08:57-03:00] => {level: info, event: [GET]http://localhost:3334/events/my-certificates, user: null, description:null}
[2021-11-16T16:08:57-03:00] => {level: info, event: [GET]http://localhost:3334/events/my-certificates, user: null, description:null}
[2021-11-16T16:09:01-03:00] => {level: info, event: [GET]http://localhost:3334/events/my-certificates, user: null, description:null}
[2021-11-16T16:09:20-03:00] => {level: info, event: [GET]http://localhost:3334/events/my-certificates, user: null, description:null}
[2021-11-16T16:09:47-03:00] => {level: info, event: [GET]http://localhost:3334/events/my-certificates, user: null, description:null}
[2021-11-16T16:09:49-03:00] => {level: info, event: [GET]http://localhost:3334/events/my-certificates, user: null, description:null}
[2021-11-16T16:09:56-03:00] => {level: info, event: [GET]http://localhost:3334/events/my-certificates, user: null, description:null}
[2021-11-16T16:10:40-03:00] => {level: info, event: [GET]http://localhost:3334/events/my-certificates, user: null, description:null}
[2021-11-16T16:11:28-03:00] => {level: info, event: [GET]http://localhost:3334/events/my-certificates, user: null, description:null}
[2021-11-16T16:21:23-03:00] => {level: info, event: [GET]http://localhost:3334/events, user: null, description:null}
[2021-11-16T16:26:53-03:00] => {level: info, event: [GET]http://localhost:3334/events, user: null, description:null}
[2021-11-16T16:46:42-03:00] => {level: info, event: [POST]http://localhost:3333/user/verify-hash, user: null, description:null}
[2021-11-16T16:46:44-03:00] => {level: info, event: [POST]http://localhost:3333/auth/login, user: null, description:null}
[2021-11-16T16:46:50-03:00] => {level: info, event: [GET]http://localhost:3334/events, user: null, description:null}
[2021-11-16T16:48:06-03:00] => {level: info, event: [GET]http://localhost:3334/events, user: null, description:null}
[2021-11-16T16:48:06-03:00] => {level: info, event: [GET]http://localhost:3334/events, user: null, description:null}
[2021-11-16T16:48:10-03:00] => {level: info, event: [GET]http://localhost:3334/events, user: null, description:null}
[2021-11-16T16:48:10-03:00] => {level: info, event: [GET]http://localhost:3334/events, user: null, description:null}
[2021-11-16T16:48:31-03:00] => {level: info, event: [GET]http://localhost:3334/events, user: null, description:null}
[2021-11-16T16:48:31-03:00] => {level: info, event: [GET]http://localhost:3334/events, user: null, description:null}
[2021-11-16T16:49:29-03:00] => {level: info, event: [GET]http://localhost:3334/events, user: null, description:null}
[2021-11-16T16:49:31-03:00] => {level: info, event: [GET]http://localhost:3334/events/tribute-to-queen, user: null, description:null}
[2021-11-16T17:43:58-03:00] => {level: info, event: [POST]http://localhost:3333/user/verify-hash, user: null, description:null}
[2021-11-16T17:44:01-03:00] => {level: info, event: [POST]http://localhost:3333/auth/login, user: null, description:null}
[2021-11-16T17:44:01-03:00] => {level: info, event: [GET]http://localhost:3334/events, user: null, description:null}
[2021-11-16T17:44:36-03:00] => {level: info, event: [GET]http://localhost:3334/events/tribute-to-queen, user: null, description:null}
[2021-11-16T17:44:57-03:00] => {level: info, event: [GET]http://localhost:3334/events, user: null, description:null}
[2021-11-16T17:45:16-03:00] => {level: info, event: [GET]http://localhost:3334/events, user: null, description:null}
[2021-11-16T17:45:23-03:00] => {level: info, event: [GET]http://localhost:3334/events, user: null, description:null}
